<?xml version="1.0" encoding="UTF-8"?>
<testng-results ignored="0" total="3" passed="3" failed="0" skipped="0">
  <reporter-output>
  </reporter-output>
  <suite started-at="2025-09-17T07:46:24 IST" name="Default suite" finished-at="2025-09-17T07:46:36 IST" duration-ms="12114">
    <groups>
    </groups>
    <test started-at="2025-09-17T07:46:24 IST" name="Default test" finished-at="2025-09-17T07:46:36 IST" duration-ms="12114">
      <class name="d1_1sep2025.ornghrmannotations">
        <test-method is-config="true" signature="setup()[pri:0, instance:d1_1sep2025.ornghrmannotations@2f4948e4]" started-at="2025-09-17T07:46:16 IST" name="setup" finished-at="2025-09-17T07:46:24 IST" duration-ms="7952" status="PASS">
          <reporter-output>
          </reporter-output>
        </test-method> <!-- setup -->
        <test-method signature="login()[pri:1, instance:d1_1sep2025.ornghrmannotations@2f4948e4]" started-at="2025-09-17T07:46:24 IST" name="login" finished-at="2025-09-17T07:46:27 IST" duration-ms="2835" status="PASS">
          <reporter-output>
          </reporter-output>
        </test-method> <!-- login -->
        <test-method signature="homepage()[pri:2, instance:d1_1sep2025.ornghrmannotations@2f4948e4]" started-at="2025-09-17T07:46:27 IST" name="homepage" finished-at="2025-09-17T07:46:29 IST" duration-ms="1512" status="PASS">
          <reporter-output>
          </reporter-output>
        </test-method> <!-- homepage -->
        <test-method signature="logout()[pri:3, instance:d1_1sep2025.ornghrmannotations@2f4948e4]" started-at="2025-09-17T07:46:29 IST" name="logout" finished-at="2025-09-17T07:46:36 IST" duration-ms="7653" status="PASS">
          <reporter-output>
          </reporter-output>
        </test-method> <!-- logout -->
        <test-method is-config="true" signature="tearDown()[pri:0, instance:d1_1sep2025.ornghrmannotations@2f4948e4]" started-at="2025-09-17T07:46:37 IST" name="tearDown" finished-at="2025-09-17T07:46:42 IST" duration-ms="5163" status="PASS">
          <reporter-output>
          </reporter-output>
        </test-method> <!-- tearDown -->
      </class> <!-- d1_1sep2025.ornghrmannotations -->
    </test> <!-- Default test -->
  </suite> <!-- Default suite -->
</testng-results>
