<?xml version="1.0" encoding="UTF-8"?>
<!-- Generated by org.testng.reporters.JUnitReportReporter -->
<testsuite hostname="DESKTOP-I5OJE9U" failures="0" tests="3" name="d1_1sep2025.Annotations" time="0.023" errors="0" timestamp="2025-09-12T08:06:38 IST" skipped="0">
  <testcase classname="d1_1sep2025.Annotations" name="asuite" time="0.008"/>
  <testcase classname="d1_1sep2025.Annotations" name="test3" time="0.009"/>
  <testcase classname="d1_1sep2025.Annotations" name="test2" time="0.006"/>
</testsuite> <!-- d1_1sep2025.Annotations -->
