<?xml version="1.0" encoding="UTF-8"?>
<!-- Generated by org.testng.reporters.JUnitReportReporter -->
<testsuite hostname="DESKTOP-I5OJE9U" failures="0" tests="3" name="d1_1sep2025.ornghrmannotations" time="12.000" errors="0" timestamp="2025-09-17T07:46:42 IST" skipped="0">
  <testcase classname="d1_1sep2025.ornghrmannotations" name="login" time="2.835"/>
  <testcase classname="d1_1sep2025.ornghrmannotations" name="homepage" time="1.512"/>
  <testcase classname="d1_1sep2025.ornghrmannotations" name="logout" time="7.653"/>
</testsuite> <!-- d1_1sep2025.ornghrmannotations -->
